Starting AMGX profiling for SymGS for size 32x32x32 on GH200
HPCG_bench main
Running profiler
Profiling symGS
File already exists: /iopsstor/scratch/cscs/dknecht/amgx_problems/problem_32x32x32.mtx
==PROF== Connected to process 180348 (/users/dknecht/amgx_expanded_for_HPCG/build/examples/hpcg_bench)
==PROF== Profiling "multicolorGSSmoothCsrKernel_n..." - 0: 0%....50%....100% - 38 passes
==PROF== Profiling "multicolorGSSmoothCsrKernel_n..." - 1: 0%....50%....100% - 38 passes
==PROF== Profiling "multicolorGSSmoothCsrKernel_n..." - 2: 0%....50%....100% - 38 passes
==PROF== Profiling "multicolorGSSmoothCsrKernel_n..." - 3: 0%....50%....100% - 38 passes
==PROF== Profiling "multicolorGSSmoothCsrKernel_n..." - 4: 0%....50%....100% - 38 passes
==PROF== Profiling "multicolorGSSmoothCsrKernel_n..." - 5: 0%....50%....100% - 38 passes
==PROF== Profiling "multicolorGSSmoothCsrKernel_n..." - 6: 0%....50%....100% - 38 passes
==PROF== Profiling "multicolorGSSmoothCsrKernel_n..." - 7: 0%....50%....100% - 38 passes
==PROF== Profiling "multicolorGSSmoothCsrKernel_n..." - 8: 0%....50%....100% - 38 passes
==PROF== Profiling "multicolorGSSmoothCsrKernel_n..." - 9: 0%....50%....100% - 38 passes
==PROF== Profiling "multicolorGSSmoothCsrKernel_n..." - 10: 0%....50%....100% - 38 passes
==PROF== Profiling "multicolorGSSmoothCsrKernel_n..." - 11: 0%....50%....100% - 38 passes
==PROF== Profiling "multicolorGSSmoothCsrKernel_n..." - 12: 0%....50%....100% - 38 passes
==PROF== Profiling "multicolorGSSmoothCsrKernel_n..." - 13: 0%....50%....100% - 38 passes
==PROF== Profiling "multicolorGSSmoothCsrKernel_n..." - 14: 0%....50%....100% - 38 passes
==PROF== Profiling "multicolorGSSmoothCsrKernel_n..." - 15: 0%....50%....100% - 38 passes
==PROF== Profiling "multicolorGSSmoothCsrKernel_n..." - 16: 0%....50%....100% - 38 passes
==PROF== Profiling "multicolorGSSmoothCsrKernel_n..." - 17: 0%....50%....100% - 38 passes
==PROF== Profiling "multicolorGSSmoothCsrKernel_n..." - 18: 0%....50%....100% - 38 passes
==PROF== Profiling "multicolorGSSmoothCsrKernel_n..." - 19: 0%....50%....100% - 38 passes
==PROF== Profiling "multicolorGSSmoothCsrKernel_n..." - 20: 0%....50%....100% - 38 passes
==PROF== Profiling "multicolorGSSmoothCsrKernel_n..." - 21: 0%....50%....100% - 38 passes
==PROF== Profiling "multicolorGSSmoothCsrKernel_n..." - 22: 0%....50%....100% - 38 passes
==PROF== Profiling "multicolorGSSmoothCsrKernel_n..." - 23: 0%....50%....100% - 38 passes
==PROF== Profiling "multicolorGSSmoothCsrKernel_n..." - 24: 0%....50%....100% - 38 passes
==PROF== Profiling "multicolorGSSmoothCsrKernel_n..." - 25: 0%....50%....100% - 38 passes
==PROF== Profiling "multicolorGSSmoothCsrKernel_n..." - 26: 0%....50%....100% - 38 passes
==PROF== Profiling "multicolorGSSmoothCsrKernel_n..." - 27: 0%....50%....100% - 38 passes
==PROF== Profiling "multicolorGSSmoothCsrKernel_n..." - 28: 0%....50%....100% - 38 passes
==PROF== Profiling "multicolorGSSmoothCsrKernel_n..." - 29: 0%....50%....100% - 38 passes
==PROF== Profiling "multicolorGSSmoothCsrKernel_n..." - 30: 0%....50%....100% - 38 passes
==PROF== Profiling "multicolorGSSmoothCsrKernel_n..." - 31: 0%....50%....100% - 38 passes
==PROF== Profiling "multicolorGSSmoothCsrKernel_n..." - 32: 0%....50%....100% - 38 passes
==PROF== Profiling "multicolorGSSmoothCsrKernel_n..." - 33: 0%....50%....100% - 38 passes
==PROF== Profiling "multicolorGSSmoothCsrKernel_n..." - 34: 0%....50%....100% - 38 passes
==PROF== Profiling "multicolorGSSmoothCsrKernel_n..." - 35: 0%....50%....100% - 38 passes
==PROF== Profiling "multicolorGSSmoothCsrKernel_n..." - 36: 0%....50%....100% - 38 passes
==PROF== Profiling "multicolorGSSmoothCsrKernel_n..." - 37: 0%....50%....100% - 38 passes
==PROF== Profiling "multicolorGSSmoothCsrKernel_n..." - 38: 0%....50%....100% - 38 passes
==PROF== Profiling "multicolorGSSmoothCsrKernel_n..." - 39: 0%....50%....100% - 38 passes
==PROF== Profiling "multicolorGSSmoothCsrKernel_n..." - 40: 0%....50%....100% - 38 passes
==PROF== Profiling "multicolorGSSmoothCsrKernel_n..." - 41: 0%....50%....100% - 38 passes
==PROF== Profiling "multicolorGSSmoothCsrKernel_n..." - 42: 0%....50%....100% - 38 passes
==PROF== Profiling "multicolorGSSmoothCsrKernel_n..." - 43: 0%....50%....100% - 38 passes
==PROF== Profiling "multicolorGSSmoothCsrKernel_n..." - 44: 0%....50%....100% - 38 passes
==PROF== Profiling "multicolorGSSmoothCsrKernel_n..." - 45: 0%....50%....100% - 38 passes
==PROF== Profiling "multicolorGSSmoothCsrKernel_n..." - 46: 0%....50%....100% - 38 passes
==PROF== Profiling "multicolorGSSmoothCsrKernel_n..." - 47: 0%....50%....100% - 38 passes
==PROF== Profiling "multicolorGSSmoothCsrKernel_n..." - 48: 0%....50%....100% - 38 passes
==PROF== Profiling "multicolorGSSmoothCsrKernel_n..." - 49: 0%....50%....100% - 38 passes
==PROF== Profiling "multicolorGSSmoothCsrKernel_n..." - 50: 0%....50%....100% - 38 passes
==PROF== Profiling "multicolorGSSmoothCsrKernel_n..." - 51: 0%....50%....100% - 38 passes
==PROF== Profiling "multicolorGSSmoothCsrKernel_n..." - 52: 0%....50%....100% - 38 passes
==PROF== Profiling "multicolorGSSmoothCsrKernel_n..." - 53: 0%....50%....100% - 38 passes
==PROF== Profiling "multicolorGSSmoothCsrKernel_n..." - 54: 0%....50%....100% - 38 passes
==PROF== Profiling "multicolorGSSmoothCsrKernel_n..." - 55: 0%....50%....100% - 38 passes
==PROF== Profiling "multicolorGSSmoothCsrKernel_n..." - 56: 0%....50%....100% - 38 passes
==PROF== Profiling "multicolorGSSmoothCsrKernel_n..." - 57: 0%....50%....100% - 38 passes
==PROF== Profiling "multicolorGSSmoothCsrKernel_n..." - 58: 0%....50%....100% - 38 passes
==PROF== Profiling "multicolorGSSmoothCsrKernel_n..." - 59: 0%....50%....100% - 38 passes
==PROF== Profiling "multicolorGSSmoothCsrKernel_n..." - 60: 0%....50%....100% - 38 passes
==PROF== Profiling "multicolorGSSmoothCsrKernel_n..." - 61: 0%....50%....100% - 38 passes
==PROF== Profiling "multicolorGSSmoothCsrKernel_n..." - 62: 0%....50%....100% - 38 passes
==PROF== Profiling "multicolorGSSmoothCsrKernel_n..." - 63: 0%....50%....100% - 38 passes
==PROF== Profiling "multicolorGSSmoothCsrKernel_n..." - 64: 0%....50%....100% - 38 passes
==PROF== Profiling "multicolorGSSmoothCsrKernel_n..." - 65: 0%....50%....100% - 38 passes
==PROF== Profiling "multicolorGSSmoothCsrKernel_n..." - 66: 0%....50%....100% - 38 passes
==PROF== Profiling "multicolorGSSmoothCsrKernel_n..." - 67: 0%....50%....100% - 38 passes
==PROF== Profiling "multicolorGSSmoothCsrKernel_n..." - 68: 0%....50%....100% - 38 passes
==PROF== Profiling "multicolorGSSmoothCsrKernel_n..." - 69: 0%....50%....100% - 38 passes
==PROF== Profiling "multicolorGSSmoothCsrKernel_n..." - 70: 0%....50%....100% - 38 passes
==PROF== Profiling "multicolorGSSmoothCsrKernel_n..." - 71: 0%....50%....100% - 38 passes
==PROF== Profiling "multicolorGSSmoothCsrKernel_n..." - 72: 0%....50%....100% - 38 passes
==PROF== Profiling "multicolorGSSmoothCsrKernel_n..." - 73: 0%....50%....100% - 38 passes
==PROF== Profiling "multicolorGSSmoothCsrKernel_n..." - 74: 0%....50%....100% - 38 passes
==PROF== Profiling "multicolorGSSmoothCsrKernel_n..." - 75: 0%....50%....100% - 38 passes
==PROF== Profiling "multicolorGSSmoothCsrKernel_n..." - 76: 0%....50%....100% - 38 passes
==PROF== Profiling "multicolorGSSmoothCsrKernel_n..." - 77: 0%....50%....100% - 38 passes
==PROF== Profiling "multicolorGSSmoothCsrKernel_n..." - 78: 0%....50%....100% - 38 passes
==PROF== Profiling "multicolorGSSmoothCsrKernel_n..." - 79: 0%....50%....100% - 38 passes
==PROF== Profiling "multicolorGSSmoothCsrKernel_n..." - 80: 0%....50%....100% - 38 passes
==PROF== Profiling "multicolorGSSmoothCsrKernel_n..." - 81: 0%....50%....100% - 38 passes
==PROF== Profiling "multicolorGSSmoothCsrKernel_n..." - 82: 0%....50%....100% - 38 passes
==PROF== Profiling "multicolorGSSmoothCsrKernel_n..." - 83: 0%....50%....100% - 38 passes
==PROF== Profiling "multicolorGSSmoothCsrKernel_n..." - 84: 0%....50%....100% - 38 passes
==PROF== Profiling "multicolorGSSmoothCsrKernel_n..." - 85: 0%....50%....100% - 38 passes
==PROF== Profiling "multicolorGSSmoothCsrKernel_n..." - 86: 0%....50%....100% - 38 passes
==PROF== Profiling "multicolorGSSmoothCsrKernel_n..." - 87: 0%....50%....100% - 38 passes
==PROF== Profiling "multicolorGSSmoothCsrKernel_n..." - 88: 0%....50%....100% - 38 passes
==PROF== Profiling "multicolorGSSmoothCsrKernel_n..." - 89: 0%....50%....100% - 38 passes
==PROF== Profiling "multicolorGSSmoothCsrKernel_n..." - 90: 0%....50%....100% - 38 passes
==PROF== Profiling "multicolorGSSmoothCsrKernel_n..." - 91: 0%....50%....100% - 38 passes
AMGX version 2.5.0
Built on Apr 12 2025, 09:44:58
Compiled with CUDA Runtime 12.6, using CUDA driver 12.4
Reading data...
Solution vector was not found. Setting initial solution to x=[0,…,0]^T
Finished reading
SymGS Solver status: 3
==PROF== Disconnected from process 180348
==PROF== Report: /users/dknecht/HighPerformanceHPCG_Thesis/profiling_results/AMGX/profiler_output_GH200_32x32x32.ncu-rep
Profiler output for GH200_32x32x32 generated at /users/dknecht/HighPerformanceHPCG_Thesis/profiling_results/AMGX/profiler_output_GH200_SymGS_32x32x32.ncu-rep
Execution time for GH200_32x32x32: 4 minutes and 10 seconds
Starting AMGX profiling for SymGS for size 64x64x64 on GH200
HPCG_bench main
Running profiler
Profiling symGS
File already exists: /iopsstor/scratch/cscs/dknecht/amgx_problems/problem_64x64x64.mtx
==PROF== Connected to process 184682 (/users/dknecht/amgx_expanded_for_HPCG/build/examples/hpcg_bench)
==PROF== Profiling "multicolorGSSmoothCsrKernel_n..." - 0: 0%....50%....100% - 38 passes
==PROF== Profiling "multicolorGSSmoothCsrKernel_n..." - 1: 0%....50%....100% - 38 passes
==PROF== Profiling "multicolorGSSmoothCsrKernel_n..." - 2: 0%....50%....100% - 38 passes
==PROF== Profiling "multicolorGSSmoothCsrKernel_n..." - 3: 0%....50%....100% - 38 passes
==PROF== Profiling "multicolorGSSmoothCsrKernel_n..." - 4: 0%....50%....100% - 38 passes
==PROF== Profiling "multicolorGSSmoothCsrKernel_n..." - 5: 0%....50%....100% - 38 passes
==PROF== Profiling "multicolorGSSmoothCsrKernel_n..." - 6: 0%....50%....100% - 38 passes
==PROF== Profiling "multicolorGSSmoothCsrKernel_n..." - 7: 0%....50%....100% - 38 passes
==PROF== Profiling "multicolorGSSmoothCsrKernel_n..." - 8: 0%....50%....100% - 38 passes
==PROF== Profiling "multicolorGSSmoothCsrKernel_n..." - 9: 0%....50%....100% - 38 passes
==PROF== Profiling "multicolorGSSmoothCsrKernel_n..." - 10: 0%....50%....100% - 38 passes
==PROF== Profiling "multicolorGSSmoothCsrKernel_n..." - 11: 0%....50%....100% - 38 passes
==PROF== Profiling "multicolorGSSmoothCsrKernel_n..." - 12: 0%....50%....100% - 38 passes
==PROF== Profiling "multicolorGSSmoothCsrKernel_n..." - 13: 0%....50%....100% - 38 passes
==PROF== Profiling "multicolorGSSmoothCsrKernel_n..." - 14: 0%....50%....100% - 38 passes
==PROF== Profiling "multicolorGSSmoothCsrKernel_n..." - 15: 0%....50%....100% - 38 passes
==PROF== Profiling "multicolorGSSmoothCsrKernel_n..." - 16: 0%....50%....100% - 38 passes
==PROF== Profiling "multicolorGSSmoothCsrKernel_n..." - 17: 0%....50%....100% - 38 passes
==PROF== Profiling "multicolorGSSmoothCsrKernel_n..." - 18: 0%....50%....100% - 38 passes
==PROF== Profiling "multicolorGSSmoothCsrKernel_n..." - 19: 0%....50%....100% - 38 passes
==PROF== Profiling "multicolorGSSmoothCsrKernel_n..." - 20: 0%....50%....100% - 38 passes
==PROF== Profiling "multicolorGSSmoothCsrKernel_n..." - 21: 0%....50%....100% - 38 passes
==PROF== Profiling "multicolorGSSmoothCsrKernel_n..." - 22: 0%....50%....100% - 38 passes
==PROF== Profiling "multicolorGSSmoothCsrKernel_n..." - 23: 0%....50%....100% - 38 passes
==PROF== Profiling "multicolorGSSmoothCsrKernel_n..." - 24: 0%....50%....100% - 38 passes
==PROF== Profiling "multicolorGSSmoothCsrKernel_n..." - 25: 0%....50%....100% - 38 passes
==PROF== Profiling "multicolorGSSmoothCsrKernel_n..." - 26: 0%....50%....100% - 38 passes
==PROF== Profiling "multicolorGSSmoothCsrKernel_n..." - 27: 0%....50%....100% - 38 passes
==PROF== Profiling "multicolorGSSmoothCsrKernel_n..." - 28: 0%....50%....100% - 38 passes
==PROF== Profiling "multicolorGSSmoothCsrKernel_n..." - 29: 0%....50%....100% - 38 passes
==PROF== Profiling "multicolorGSSmoothCsrKernel_n..." - 30: 0%....50%....100% - 38 passes
==PROF== Profiling "multicolorGSSmoothCsrKernel_n..." - 31: 0%....50%....100% - 38 passes
==PROF== Profiling "multicolorGSSmoothCsrKernel_n..." - 32: 0%....50%....100% - 38 passes
==PROF== Profiling "multicolorGSSmoothCsrKernel_n..." - 33: 0%....50%....100% - 38 passes
==PROF== Profiling "multicolorGSSmoothCsrKernel_n..." - 34: 0%....50%....100% - 38 passes
==PROF== Profiling "multicolorGSSmoothCsrKernel_n..." - 35: 0%....50%....100% - 38 passes
==PROF== Profiling "multicolorGSSmoothCsrKernel_n..." - 36: 0%....50%....100% - 38 passes
==PROF== Profiling "multicolorGSSmoothCsrKernel_n..." - 37: 0%....50%....100% - 38 passes
==PROF== Profiling "multicolorGSSmoothCsrKernel_n..." - 38: 0%....50%....100% - 38 passes
==PROF== Profiling "multicolorGSSmoothCsrKernel_n..." - 39: 0%....50%....100% - 38 passes
==PROF== Profiling "multicolorGSSmoothCsrKernel_n..." - 40: 0%....50%....100% - 38 passes
==PROF== Profiling "multicolorGSSmoothCsrKernel_n..." - 41: 0%....50%....100% - 38 passes
==PROF== Profiling "multicolorGSSmoothCsrKernel_n..." - 42: 0%....50%....100% - 38 passes
==PROF== Profiling "multicolorGSSmoothCsrKernel_n..." - 43: 0%....50%....100% - 38 passes
==PROF== Profiling "multicolorGSSmoothCsrKernel_n..." - 44: 0%....50%....100% - 38 passes
==PROF== Profiling "multicolorGSSmoothCsrKernel_n..." - 45: 0%....50%....100% - 38 passes
==PROF== Profiling "multicolorGSSmoothCsrKernel_n..." - 46: 0%....50%....100% - 38 passes
==PROF== Profiling "multicolorGSSmoothCsrKernel_n..." - 47: 0%....50%....100% - 38 passes
==PROF== Profiling "multicolorGSSmoothCsrKernel_n..." - 48: 0%....50%....100% - 38 passes
==PROF== Profiling "multicolorGSSmoothCsrKernel_n..." - 49: 0%....50%....100% - 38 passes
==PROF== Profiling "multicolorGSSmoothCsrKernel_n..." - 50: 0%....50%....100% - 38 passes
==PROF== Profiling "multicolorGSSmoothCsrKernel_n..." - 51: 0%....50%....100% - 38 passes
==PROF== Profiling "multicolorGSSmoothCsrKernel_n..." - 52: 0%....50%....100% - 38 passes
==PROF== Profiling "multicolorGSSmoothCsrKernel_n..." - 53: 0%....50%....100% - 38 passes
==PROF== Profiling "multicolorGSSmoothCsrKernel_n..." - 54: 0%....50%....100% - 38 passes
==PROF== Profiling "multicolorGSSmoothCsrKernel_n..." - 55: 0%....50%....100% - 38 passes
==PROF== Profiling "multicolorGSSmoothCsrKernel_n..." - 56: 0%....50%....100% - 38 passes
==PROF== Profiling "multicolorGSSmoothCsrKernel_n..." - 57: 0%....50%....100% - 38 passes
==PROF== Profiling "multicolorGSSmoothCsrKernel_n..." - 58: 0%....50%....100% - 38 passes
==PROF== Profiling "multicolorGSSmoothCsrKernel_n..." - 59: 0%....50%....100% - 38 passes
==PROF== Profiling "multicolorGSSmoothCsrKernel_n..." - 60: 0%....50%....100% - 38 passes
==PROF== Profiling "multicolorGSSmoothCsrKernel_n..." - 61: 0%....50%....100% - 38 passes
==PROF== Profiling "multicolorGSSmoothCsrKernel_n..." - 62: 0%....50%....100% - 38 passes
==PROF== Profiling "multicolorGSSmoothCsrKernel_n..." - 63: 0%....50%....100% - 38 passes
==PROF== Profiling "multicolorGSSmoothCsrKernel_n..." - 64: 0%....50%....100% - 38 passes
==PROF== Profiling "multicolorGSSmoothCsrKernel_n..." - 65: 0%....50%....100% - 38 passes
==PROF== Profiling "multicolorGSSmoothCsrKernel_n..." - 66: 0%....50%....100% - 38 passes
==PROF== Profiling "multicolorGSSmoothCsrKernel_n..." - 67: 0%....50%....100% - 38 passes
==PROF== Profiling "multicolorGSSmoothCsrKernel_n..." - 68: 0%....50%....100% - 38 passes
==PROF== Profiling "multicolorGSSmoothCsrKernel_n..." - 69: 0%....50%....100% - 38 passes
==PROF== Profiling "multicolorGSSmoothCsrKernel_n..." - 70: 0%....50%....100% - 38 passes
==PROF== Profiling "multicolorGSSmoothCsrKernel_n..." - 71: 0%....50%....100% - 38 passes
==PROF== Profiling "multicolorGSSmoothCsrKernel_n..." - 72: 0%....50%....100% - 38 passes
==PROF== Profiling "multicolorGSSmoothCsrKernel_n..." - 73: 0%....50%....100% - 38 passes
==PROF== Profiling "multicolorGSSmoothCsrKernel_n..." - 74: 0%....50%....100% - 38 passes
==PROF== Profiling "multicolorGSSmoothCsrKernel_n..." - 75: 0%....50%....100% - 38 passes
==PROF== Profiling "multicolorGSSmoothCsrKernel_n..." - 76: 0%....50%....100% - 38 passes
==PROF== Profiling "multicolorGSSmoothCsrKernel_n..." - 77: 0%....50%....100% - 38 passes
==PROF== Profiling "multicolorGSSmoothCsrKernel_n..." - 78: 0%....50%....100% - 38 passes
==PROF== Profiling "multicolorGSSmoothCsrKernel_n..." - 79: 0%....50%....100% - 38 passes
==PROF== Profiling "multicolorGSSmoothCsrKernel_n..." - 80: 0%....50%....100% - 38 passes
==PROF== Profiling "multicolorGSSmoothCsrKernel_n..." - 81: 0%....50%....100% - 38 passes
==PROF== Profiling "multicolorGSSmoothCsrKernel_n..." - 82: 0%....50%....100% - 38 passes
==PROF== Profiling "multicolorGSSmoothCsrKernel_n..." - 83: 0%....50%....100% - 38 passes
==PROF== Profiling "multicolorGSSmoothCsrKernel_n..." - 84: 0%....50%....100% - 38 passes
==PROF== Profiling "multicolorGSSmoothCsrKernel_n..." - 85: 0%....50%....100% - 38 passes
==PROF== Profiling "multicolorGSSmoothCsrKernel_n..." - 86: 0%....50%....100% - 38 passes
==PROF== Profiling "multicolorGSSmoothCsrKernel_n..." - 87: 0%....50%....100% - 38 passes
==PROF== Profiling "multicolorGSSmoothCsrKernel_n..." - 88: 0%....50%....100% - 38 passes
==PROF== Profiling "multicolorGSSmoothCsrKernel_n..." - 89: 0%....50%....100% - 38 passes
==PROF== Profiling "multicolorGSSmoothCsrKernel_n..." - 90: 0%....50%....100% - 38 passes
==PROF== Profiling "multicolorGSSmoothCsrKernel_n..." - 91: 0%....50%....100% - 38 passes
AMGX version 2.5.0
Built on Apr 12 2025, 09:44:58
Compiled with CUDA Runtime 12.6, using CUDA driver 12.4
Reading data...
Solution vector was not found. Setting initial solution to x=[0,…,0]^T
Finished reading
SymGS Solver status: 3
==PROF== Disconnected from process 184682
==PROF== Report: /users/dknecht/HighPerformanceHPCG_Thesis/profiling_results/AMGX/profiler_output_GH200_64x64x64.ncu-rep
Profiler output for GH200_64x64x64 generated at /users/dknecht/HighPerformanceHPCG_Thesis/profiling_results/AMGX/profiler_output_GH200_SymGS_64x64x64.ncu-rep
Execution time for GH200_64x64x64: 4 minutes and 10 seconds
Starting AMGX profiling for SymGS for size 128x128x128 on GH200
HPCG_bench main
Running profiler
Profiling symGS
File already exists: /iopsstor/scratch/cscs/dknecht/amgx_problems/problem_128x128x128.mtx
==PROF== Connected to process 189053 (/users/dknecht/amgx_expanded_for_HPCG/build/examples/hpcg_bench)
==PROF== Profiling "multicolorGSSmoothCsrKernel_n..." - 0: 0%....50%....100% - 38 passes
==PROF== Profiling "multicolorGSSmoothCsrKernel_n..." - 1: 0%....50%....100% - 38 passes
==PROF== Profiling "multicolorGSSmoothCsrKernel_n..." - 2: 0%....50%....100% - 38 passes
==PROF== Profiling "multicolorGSSmoothCsrKernel_n..." - 3: 0%....50%....100% - 38 passes
==PROF== Profiling "multicolorGSSmoothCsrKernel_n..." - 4: 0%....50%....100% - 38 passes
==PROF== Profiling "multicolorGSSmoothCsrKernel_n..." - 5: 0%....50%....100% - 38 passes
==PROF== Profiling "multicolorGSSmoothCsrKernel_n..." - 6: 0%....50%....100% - 38 passes
==PROF== Profiling "multicolorGSSmoothCsrKernel_n..." - 7: 0%....50%....100% - 38 passes
==PROF== Profiling "multicolorGSSmoothCsrKernel_n..." - 8: 0%....50%....100% - 38 passes
==PROF== Profiling "multicolorGSSmoothCsrKernel_n..." - 9: 0%....50%....100% - 38 passes
==PROF== Profiling "multicolorGSSmoothCsrKernel_n..." - 10: 0%....50%....100% - 38 passes
==PROF== Profiling "multicolorGSSmoothCsrKernel_n..." - 11: 0%....50%....100% - 38 passes
==PROF== Profiling "multicolorGSSmoothCsrKernel_n..." - 12: 0%....50%....100% - 38 passes
==PROF== Profiling "multicolorGSSmoothCsrKernel_n..." - 13: 0%....50%....100% - 38 passes
==PROF== Profiling "multicolorGSSmoothCsrKernel_n..." - 14: 0%....50%....100% - 38 passes
==PROF== Profiling "multicolorGSSmoothCsrKernel_n..." - 15: 0%....50%....100% - 38 passes
==PROF== Profiling "multicolorGSSmoothCsrKernel_n..." - 16: 0%....50%....100% - 38 passes
==PROF== Profiling "multicolorGSSmoothCsrKernel_n..." - 17: 0%....50%....100% - 38 passes
==PROF== Profiling "multicolorGSSmoothCsrKernel_n..." - 18: 0%....50%....100% - 38 passes
==PROF== Profiling "multicolorGSSmoothCsrKernel_n..." - 19: 0%....50%....100% - 38 passes
==PROF== Profiling "multicolorGSSmoothCsrKernel_n..." - 20: 0%....50%....100% - 38 passes
==PROF== Profiling "multicolorGSSmoothCsrKernel_n..." - 21: 0%....50%....100% - 38 passes
==PROF== Profiling "multicolorGSSmoothCsrKernel_n..." - 22: 0%....50%....100% - 38 passes
==PROF== Profiling "multicolorGSSmoothCsrKernel_n..." - 23: 0%....50%....100% - 38 passes
==PROF== Profiling "multicolorGSSmoothCsrKernel_n..." - 24: 0%....50%....100% - 38 passes
==PROF== Profiling "multicolorGSSmoothCsrKernel_n..." - 25: 0%....50%....100% - 38 passes
==PROF== Profiling "multicolorGSSmoothCsrKernel_n..." - 26: 0%....50%....100% - 38 passes
==PROF== Profiling "multicolorGSSmoothCsrKernel_n..." - 27: 0%....50%....100% - 38 passes
==PROF== Profiling "multicolorGSSmoothCsrKernel_n..." - 28: 0%....50%....100% - 38 passes
==PROF== Profiling "multicolorGSSmoothCsrKernel_n..." - 29: 0%....50%....100% - 38 passes
==PROF== Profiling "multicolorGSSmoothCsrKernel_n..." - 30: 0%....50%....100% - 38 passes
==PROF== Profiling "multicolorGSSmoothCsrKernel_n..." - 31: 0%....50%....100% - 38 passes
==PROF== Profiling "multicolorGSSmoothCsrKernel_n..." - 32: 0%....50%....100% - 38 passes
==PROF== Profiling "multicolorGSSmoothCsrKernel_n..." - 33: 0%....50%....100% - 38 passes
==PROF== Profiling "multicolorGSSmoothCsrKernel_n..." - 34: 0%....50%....100% - 38 passes
==PROF== Profiling "multicolorGSSmoothCsrKernel_n..." - 35: 0%....50%....100% - 38 passes
==PROF== Profiling "multicolorGSSmoothCsrKernel_n..." - 36: 0%....50%....100% - 38 passes
==PROF== Profiling "multicolorGSSmoothCsrKernel_n..." - 37: 0%....50%....100% - 38 passes
==PROF== Profiling "multicolorGSSmoothCsrKernel_n..." - 38: 0%....50%....100% - 38 passes
==PROF== Profiling "multicolorGSSmoothCsrKernel_n..." - 39: 0%....50%....100% - 38 passes
==PROF== Profiling "multicolorGSSmoothCsrKernel_n..." - 40: 0%....50%....100% - 38 passes
==PROF== Profiling "multicolorGSSmoothCsrKernel_n..." - 41: 0%....50%....100% - 38 passes
==PROF== Profiling "multicolorGSSmoothCsrKernel_n..." - 42: 0%....50%....100% - 38 passes
==PROF== Profiling "multicolorGSSmoothCsrKernel_n..." - 43: 0%....50%....100% - 38 passes
==PROF== Profiling "multicolorGSSmoothCsrKernel_n..." - 44: 0%....50%....100% - 38 passes
==PROF== Profiling "multicolorGSSmoothCsrKernel_n..." - 45: 0%....50%....100% - 38 passes
==PROF== Profiling "multicolorGSSmoothCsrKernel_n..." - 46: 0%....50%....100% - 38 passes
==PROF== Profiling "multicolorGSSmoothCsrKernel_n..." - 47: 0%....50%....100% - 38 passes
==PROF== Profiling "multicolorGSSmoothCsrKernel_n..." - 48: 0%....50%....100% - 38 passes
==PROF== Profiling "multicolorGSSmoothCsrKernel_n..." - 49: 0%....50%....100% - 38 passes
==PROF== Profiling "multicolorGSSmoothCsrKernel_n..." - 50: 0%....50%....100% - 38 passes
==PROF== Profiling "multicolorGSSmoothCsrKernel_n..." - 51: 0%....50%....100% - 38 passes
==PROF== Profiling "multicolorGSSmoothCsrKernel_n..." - 52: 0%....50%....100% - 38 passes
==PROF== Profiling "multicolorGSSmoothCsrKernel_n..." - 53: 0%....50%....100% - 38 passes
==PROF== Profiling "multicolorGSSmoothCsrKernel_n..." - 54: 0%....50%....100% - 38 passes
==PROF== Profiling "multicolorGSSmoothCsrKernel_n..." - 55: 0%....50%....100% - 38 passes
==PROF== Profiling "multicolorGSSmoothCsrKernel_n..." - 56: 0%....50%....100% - 38 passes
==PROF== Profiling "multicolorGSSmoothCsrKernel_n..." - 57: 0%....50%....100% - 38 passes
==PROF== Profiling "multicolorGSSmoothCsrKernel_n..." - 58: 0%....50%....100% - 38 passes
==PROF== Profiling "multicolorGSSmoothCsrKernel_n..." - 59: 0%....50%....100% - 38 passes
==PROF== Profiling "multicolorGSSmoothCsrKernel_n..." - 60: 0%....50%....100% - 38 passes
==PROF== Profiling "multicolorGSSmoothCsrKernel_n..." - 61: 0%....50%....100% - 38 passes
==PROF== Profiling "multicolorGSSmoothCsrKernel_n..." - 62: 0%....50%....100% - 38 passes
==PROF== Profiling "multicolorGSSmoothCsrKernel_n..." - 63: 0%....50%....100% - 38 passes
==PROF== Profiling "multicolorGSSmoothCsrKernel_n..." - 64: 0%....50%....100% - 38 passes
==PROF== Profiling "multicolorGSSmoothCsrKernel_n..." - 65: 0%....50%....100% - 38 passes
==PROF== Profiling "multicolorGSSmoothCsrKernel_n..." - 66: 0%....50%....100% - 38 passes
==PROF== Profiling "multicolorGSSmoothCsrKernel_n..." - 67: 0%....50%....100% - 38 passes
==PROF== Profiling "multicolorGSSmoothCsrKernel_n..." - 68: 0%....50%....100% - 38 passes
==PROF== Profiling "multicolorGSSmoothCsrKernel_n..." - 69: 0%....50%....100% - 38 passes
==PROF== Profiling "multicolorGSSmoothCsrKernel_n..." - 70: 0%....50%....100% - 38 passes
==PROF== Profiling "multicolorGSSmoothCsrKernel_n..." - 71: 0%....50%....100% - 38 passes
==PROF== Profiling "multicolorGSSmoothCsrKernel_n..." - 72: 0%....50%....100% - 38 passes
==PROF== Profiling "multicolorGSSmoothCsrKernel_n..." - 73: 0%....50%....100% - 38 passes
==PROF== Profiling "multicolorGSSmoothCsrKernel_n..." - 74: 0%....50%....100% - 38 passes
==PROF== Profiling "multicolorGSSmoothCsrKernel_n..." - 75: 0%....50%....100% - 38 passes
==PROF== Profiling "multicolorGSSmoothCsrKernel_n..." - 76: 0%....50%....100% - 38 passes
==PROF== Profiling "multicolorGSSmoothCsrKernel_n..." - 77: 0%....50%....100% - 38 passes
==PROF== Profiling "multicolorGSSmoothCsrKernel_n..." - 78: 0%....50%....100% - 38 passes
==PROF== Profiling "multicolorGSSmoothCsrKernel_n..." - 79: 0%....50%....100% - 38 passes
==PROF== Profiling "multicolorGSSmoothCsrKernel_n..." - 80: 0%....50%....100% - 38 passes
==PROF== Profiling "multicolorGSSmoothCsrKernel_n..." - 81: 0%....50%....100% - 38 passes
==PROF== Profiling "multicolorGSSmoothCsrKernel_n..." - 82: 0%....50%....100% - 38 passes
==PROF== Profiling "multicolorGSSmoothCsrKernel_n..." - 83: 0%....50%....100% - 38 passes
==PROF== Profiling "multicolorGSSmoothCsrKernel_n..." - 84: 0%....50%....100% - 38 passes
==PROF== Profiling "multicolorGSSmoothCsrKernel_n..." - 85: 0%....50%....100% - 38 passes
==PROF== Profiling "multicolorGSSmoothCsrKernel_n..." - 86: 0%....50%....100% - 38 passes
==PROF== Profiling "multicolorGSSmoothCsrKernel_n..." - 87: 0%....50%....100% - 38 passes
==PROF== Profiling "multicolorGSSmoothCsrKernel_n..." - 88: 0%....50%....100% - 38 passes
==PROF== Profiling "multicolorGSSmoothCsrKernel_n..." - 89: 0%....50%....100% - 38 passes
==PROF== Profiling "multicolorGSSmoothCsrKernel_n..." - 90: 0%....50%....100% - 38 passes
==PROF== Profiling "multicolorGSSmoothCsrKernel_n..." - 91: 0%....50%....100% - 38 passes
==PROF== Profiling "multicolorGSSmoothCsrKernel_n..." - 92: 0%....50%....100% - 38 passes
==PROF== Profiling "multicolorGSSmoothCsrKernel_n..." - 93: 0%....50%....100% - 38 passes
==PROF== Profiling "multicolorGSSmoothCsrKernel_n..." - 94: 0%....50%....100% - 38 passes
==PROF== Profiling "multicolorGSSmoothCsrKernel_n..." - 95: 0%....50%....100% - 38 passes
==PROF== Profiling "multicolorGSSmoothCsrKernel_n..." - 96: 0%....50%....100% - 38 passes
==PROF== Profiling "multicolorGSSmoothCsrKernel_n..." - 97: 0%....50%....100% - 38 passes
==PROF== Profiling "multicolorGSSmoothCsrKernel_n..." - 98: 0%....50%....100% - 38 passes
==PROF== Profiling "multicolorGSSmoothCsrKernel_n..." - 99: 0%....50%....100% - 38 passes
==PROF== Profiling "multicolorGSSmoothCsrKernel_n..." - 100: 0%....50%....100% - 38 passes
==PROF== Profiling "multicolorGSSmoothCsrKernel_n..." - 101: 0%....50%....100% - 38 passes
AMGX version 2.5.0
Built on Apr 12 2025, 09:44:58
Compiled with CUDA Runtime 12.6, using CUDA driver 12.4
Reading data...
Solution vector was not found. Setting initial solution to x=[0,…,0]^T
Finished reading
SymGS Solver status: 3
==PROF== Disconnected from process 189053
==PROF== Report: /users/dknecht/HighPerformanceHPCG_Thesis/profiling_results/AMGX/profiler_output_GH200_128x128x128.ncu-rep
Profiler output for GH200_128x128x128 generated at /users/dknecht/HighPerformanceHPCG_Thesis/profiling_results/AMGX/profiler_output_GH200_SymGS_128x128x128.ncu-rep
Execution time for GH200_128x128x128: 4 minutes and 53 seconds
Starting AMGX profiling for SymGS for size 256x256x256 on GH200
HPCG_bench main
Running profiler
Profiling symGS
File already exists: /iopsstor/scratch/cscs/dknecht/amgx_problems/problem_256x256x256.mtx
==PROF== Connected to process 193890 (/users/dknecht/amgx_expanded_for_HPCG/build/examples/hpcg_bench)
==PROF== Profiling "multicolorGSSmoothCsrKernel_n..." - 0: 0%....50%....100% - 38 passes
==PROF== Profiling "multicolorGSSmoothCsrKernel_n..." - 1: 0%....50%....100% - 38 passes
==PROF== Profiling "multicolorGSSmoothCsrKernel_n..." - 2: 0%....50%....100% - 38 passes
==PROF== Profiling "multicolorGSSmoothCsrKernel_n..." - 3: 0%....50%....100% - 38 passes
==PROF== Profiling "multicolorGSSmoothCsrKernel_n..." - 4: 0%....50%....100% - 38 passes
==PROF== Profiling "multicolorGSSmoothCsrKernel_n..." - 5: 0%....50%....100% - 38 passes
==PROF== Profiling "multicolorGSSmoothCsrKernel_n..." - 6: 0%....50%....100% - 38 passes
==PROF== Profiling "multicolorGSSmoothCsrKernel_n..." - 7: 0%....50%....100% - 38 passes
==PROF== Profiling "multicolorGSSmoothCsrKernel_n..." - 8: 0%....50%....100% - 38 passes
==PROF== Profiling "multicolorGSSmoothCsrKernel_n..." - 9: 0%....50%....100% - 38 passes
==PROF== Profiling "multicolorGSSmoothCsrKernel_n..." - 10: 0%....50%....100% - 38 passes
==PROF== Profiling "multicolorGSSmoothCsrKernel_n..." - 11: 0%....50%....100% - 38 passes
==PROF== Profiling "multicolorGSSmoothCsrKernel_n..." - 12: 0%....50%....100% - 38 passes
==PROF== Profiling "multicolorGSSmoothCsrKernel_n..." - 13: 0%....50%....100% - 38 passes
==PROF== Profiling "multicolorGSSmoothCsrKernel_n..." - 14: 0%....50%....100% - 38 passes
==PROF== Profiling "multicolorGSSmoothCsrKernel_n..." - 15: 0%....50%....100% - 38 passes
==PROF== Profiling "multicolorGSSmoothCsrKernel_n..." - 16: 0%....50%....100% - 38 passes
==PROF== Profiling "multicolorGSSmoothCsrKernel_n..." - 17: 0%....50%....100% - 38 passes
==PROF== Profiling "multicolorGSSmoothCsrKernel_n..." - 18: 0%....50%....100% - 38 passes
==PROF== Profiling "multicolorGSSmoothCsrKernel_n..." - 19: 0%....50%....100% - 38 passes
==PROF== Profiling "multicolorGSSmoothCsrKernel_n..." - 20: 0%....50%....100% - 38 passes
==PROF== Profiling "multicolorGSSmoothCsrKernel_n..." - 21: 0%....50%....100% - 38 passes
==PROF== Profiling "multicolorGSSmoothCsrKernel_n..." - 22: 0%....50%....100% - 38 passes
==PROF== Profiling "multicolorGSSmoothCsrKernel_n..." - 23: 0%....50%....100% - 38 passes
==PROF== Profiling "multicolorGSSmoothCsrKernel_n..." - 24: 0%....50%....100% - 38 passes
==PROF== Profiling "multicolorGSSmoothCsrKernel_n..." - 25: 0%....50%....100% - 38 passes
==PROF== Profiling "multicolorGSSmoothCsrKernel_n..." - 26: 0%....50%....100% - 38 passes
==PROF== Profiling "multicolorGSSmoothCsrKernel_n..." - 27: 0%....50%....100% - 38 passes
==PROF== Profiling "multicolorGSSmoothCsrKernel_n..." - 28: 0%....50%....100% - 38 passes
==PROF== Profiling "multicolorGSSmoothCsrKernel_n..." - 29: 0%....50%....100% - 38 passes
==PROF== Profiling "multicolorGSSmoothCsrKernel_n..." - 30: 0%....50%....100% - 38 passes
==PROF== Profiling "multicolorGSSmoothCsrKernel_n..." - 31: 0%....50%....100% - 38 passes
==PROF== Profiling "multicolorGSSmoothCsrKernel_n..." - 32: 0%....50%....100% - 38 passes
==PROF== Profiling "multicolorGSSmoothCsrKernel_n..." - 33: 0%....50%....100% - 38 passes
==PROF== Profiling "multicolorGSSmoothCsrKernel_n..." - 34: 0%....50%....100% - 38 passes
==PROF== Profiling "multicolorGSSmoothCsrKernel_n..." - 35: 0%....50%....100% - 38 passes
==PROF== Profiling "multicolorGSSmoothCsrKernel_n..." - 36: 0%....50%....100% - 38 passes
==PROF== Profiling "multicolorGSSmoothCsrKernel_n..." - 37: 0%....50%....100% - 38 passes
==PROF== Profiling "multicolorGSSmoothCsrKernel_n..." - 38: 0%....50%....100% - 38 passes
==PROF== Profiling "multicolorGSSmoothCsrKernel_n..." - 39: 0%....50%....100% - 38 passes
==PROF== Profiling "multicolorGSSmoothCsrKernel_n..." - 40: 0%....50%....100% - 38 passes
==PROF== Profiling "multicolorGSSmoothCsrKernel_n..." - 41: 0%....50%....100% - 38 passes
==PROF== Profiling "multicolorGSSmoothCsrKernel_n..." - 42: 0%....50%....100% - 38 passes
==PROF== Profiling "multicolorGSSmoothCsrKernel_n..." - 43: 0%....50%....100% - 38 passes
==PROF== Profiling "multicolorGSSmoothCsrKernel_n..." - 44: 0%....50%....100% - 38 passes
==PROF== Profiling "multicolorGSSmoothCsrKernel_n..." - 45: 0%....50%....100% - 38 passes
==PROF== Profiling "multicolorGSSmoothCsrKernel_n..." - 46: 0%....50%....100% - 38 passes
==PROF== Profiling "multicolorGSSmoothCsrKernel_n..." - 47: 0%....50%....100% - 38 passes
==PROF== Profiling "multicolorGSSmoothCsrKernel_n..." - 48: 0%....50%....100% - 38 passes
==PROF== Profiling "multicolorGSSmoothCsrKernel_n..." - 49: 0%....50%....100% - 38 passes
==PROF== Profiling "multicolorGSSmoothCsrKernel_n..." - 50: 0%....50%....100% - 38 passes
==PROF== Profiling "multicolorGSSmoothCsrKernel_n..." - 51: 0%....50%....100% - 38 passes
==PROF== Profiling "multicolorGSSmoothCsrKernel_n..." - 52: 0%....50%....100% - 38 passes
==PROF== Profiling "multicolorGSSmoothCsrKernel_n..." - 53: 0%....50%....100% - 38 passes
==PROF== Profiling "multicolorGSSmoothCsrKernel_n..." - 54: 0%....50%....100% - 38 passes
==PROF== Profiling "multicolorGSSmoothCsrKernel_n..." - 55: 0%....50%....100% - 38 passes
==PROF== Profiling "multicolorGSSmoothCsrKernel_n..." - 56: 0%....50%....100% - 38 passes
==PROF== Profiling "multicolorGSSmoothCsrKernel_n..." - 57: 0%....50%....100% - 38 passes
==PROF== Profiling "multicolorGSSmoothCsrKernel_n..." - 58: 0%....50%....100% - 38 passes
==PROF== Profiling "multicolorGSSmoothCsrKernel_n..." - 59: 0%....50%....100% - 38 passes
==PROF== Profiling "multicolorGSSmoothCsrKernel_n..." - 60: 0%....50%....100% - 38 passes
==PROF== Profiling "multicolorGSSmoothCsrKernel_n..." - 61: 0%....50%....100% - 38 passes
==PROF== Profiling "multicolorGSSmoothCsrKernel_n..." - 62: 0%....50%....100% - 38 passes
==PROF== Profiling "multicolorGSSmoothCsrKernel_n..." - 63: 0%....50%....100% - 38 passes
==PROF== Profiling "multicolorGSSmoothCsrKernel_n..." - 64: 0%....50%....100% - 38 passes
==PROF== Profiling "multicolorGSSmoothCsrKernel_n..." - 65: 0%....50%....100% - 38 passes
==PROF== Profiling "multicolorGSSmoothCsrKernel_n..." - 66: 0%....50%....100% - 38 passes
==PROF== Profiling "multicolorGSSmoothCsrKernel_n..." - 67: 0%....50%....100% - 38 passes
==PROF== Profiling "multicolorGSSmoothCsrKernel_n..." - 68: 0%....50%....100% - 38 passes
==PROF== Profiling "multicolorGSSmoothCsrKernel_n..." - 69: 0%....50%....100% - 38 passes
==PROF== Profiling "multicolorGSSmoothCsrKernel_n..." - 70: 0%....50%....100% - 38 passes
==PROF== Profiling "multicolorGSSmoothCsrKernel_n..." - 71: 0%....50%....100% - 38 passes
==PROF== Profiling "multicolorGSSmoothCsrKernel_n..." - 72: 0%....50%....100% - 38 passes
==PROF== Profiling "multicolorGSSmoothCsrKernel_n..." - 73: 0%....50%....100% - 38 passes
==PROF== Profiling "multicolorGSSmoothCsrKernel_n..." - 74: 0%....50%....100% - 38 passes
==PROF== Profiling "multicolorGSSmoothCsrKernel_n..." - 75: 0%....50%....100% - 38 passes
==PROF== Profiling "multicolorGSSmoothCsrKernel_n..." - 76: 0%....50%....100% - 38 passes
==PROF== Profiling "multicolorGSSmoothCsrKernel_n..." - 77: 0%....50%....100% - 38 passes
==PROF== Profiling "multicolorGSSmoothCsrKernel_n..." - 78: 0%....50%....100% - 38 passes
==PROF== Profiling "multicolorGSSmoothCsrKernel_n..." - 79: 0%....50%....100% - 38 passes
==PROF== Profiling "multicolorGSSmoothCsrKernel_n..." - 80: 0%....50%....100% - 38 passes
==PROF== Profiling "multicolorGSSmoothCsrKernel_n..." - 81: 0%....50%....100% - 38 passes
==PROF== Profiling "multicolorGSSmoothCsrKernel_n..." - 82: 0%....50%....100% - 38 passes
==PROF== Profiling "multicolorGSSmoothCsrKernel_n..." - 83: 0%....50%....100% - 38 passes
==PROF== Profiling "multicolorGSSmoothCsrKernel_n..." - 84: 0%....50%....100% - 38 passes
==PROF== Profiling "multicolorGSSmoothCsrKernel_n..." - 85: 0%....50%....100% - 38 passes
==PROF== Profiling "multicolorGSSmoothCsrKernel_n..." - 86: 0%....50%....100% - 38 passes
==PROF== Profiling "multicolorGSSmoothCsrKernel_n..." - 87: 0%....50%....100% - 38 passes
==PROF== Profiling "multicolorGSSmoothCsrKernel_n..." - 88: 0%....50%....100% - 38 passes
==PROF== Profiling "multicolorGSSmoothCsrKernel_n..." - 89: 0%....50%....100% - 38 passes
==PROF== Profiling "multicolorGSSmoothCsrKernel_n..." - 90: 0%....50%....100% - 38 passes
==PROF== Profiling "multicolorGSSmoothCsrKernel_n..." - 91: 0%....50%....100% - 38 passes
==PROF== Profiling "multicolorGSSmoothCsrKernel_n..." - 92: 0%....50%....100% - 38 passes
==PROF== Profiling "multicolorGSSmoothCsrKernel_n..." - 93: 0%....50%....100% - 38 passes
==PROF== Profiling "multicolorGSSmoothCsrKernel_n..." - 94: 0%....50%....100% - 38 passes
==PROF== Profiling "multicolorGSSmoothCsrKernel_n..." - 95: 0%....50%....100% - 38 passes
==PROF== Profiling "multicolorGSSmoothCsrKernel_n..." - 96: 0%....50%....100% - 38 passes
==PROF== Profiling "multicolorGSSmoothCsrKernel_n..." - 97: 0%....50%....100% - 38 passes
==PROF== Profiling "multicolorGSSmoothCsrKernel_n..." - 98: 0%....50%....100% - 38 passes
==PROF== Profiling "multicolorGSSmoothCsrKernel_n..." - 99: 0%....50%....100% - 38 passes
==PROF== Profiling "multicolorGSSmoothCsrKernel_n..." - 100: 0%....50%....100% - 38 passes
==PROF== Profiling "multicolorGSSmoothCsrKernel_n..." - 101: 0%....50%....100% - 38 passes
==PROF== Profiling "multicolorGSSmoothCsrKernel_n..." - 102: 0%....50%....100% - 38 passes
==PROF== Profiling "multicolorGSSmoothCsrKernel_n..." - 103: 0%....50%....100% - 38 passes
==PROF== Profiling "multicolorGSSmoothCsrKernel_n..." - 104: 0%....50%....100% - 38 passes
==PROF== Profiling "multicolorGSSmoothCsrKernel_n..." - 105: 0%....50%....100% - 38 passes
==PROF== Profiling "multicolorGSSmoothCsrKernel_n..." - 106: 0%....50%....100% - 38 passes
==PROF== Profiling "multicolorGSSmoothCsrKernel_n..." - 107: 0%....50%....100% - 38 passes
==PROF== Profiling "multicolorGSSmoothCsrKernel_n..." - 108: 0%....50%....100% - 38 passes
==PROF== Profiling "multicolorGSSmoothCsrKernel_n..." - 109: 0%....50%....100% - 38 passes
==PROF== Profiling "multicolorGSSmoothCsrKernel_n..." - 110: 0%....50%....100% - 38 passes
==PROF== Profiling "multicolorGSSmoothCsrKernel_n..." - 111: 0%....50%....100% - 38 passes
==PROF== Profiling "multicolorGSSmoothCsrKernel_n..." - 112: 0%....50%....100% - 38 passes
==PROF== Profiling "multicolorGSSmoothCsrKernel_n..." - 113: 0%....50%....100% - 38 passes
==PROF== Profiling "multicolorGSSmoothCsrKernel_n..." - 114: 0%....50%....100% - 38 passes
==PROF== Profiling "multicolorGSSmoothCsrKernel_n..." - 115: 0%....50%....100% - 38 passes
==PROF== Profiling "multicolorGSSmoothCsrKernel_n..." - 116: 0%....50%....100% - 38 passes
==PROF== Profiling "multicolorGSSmoothCsrKernel_n..." - 117: 0%....50%....100% - 38 passes
==PROF== Profiling "multicolorGSSmoothCsrKernel_n..." - 118: 0%....50%....100% - 38 passes
==PROF== Profiling "multicolorGSSmoothCsrKernel_n..." - 119: 0%....50%....100% - 38 passes
==PROF== Profiling "multicolorGSSmoothCsrKernel_n..." - 120: 0%....50%....100% - 38 passes
==PROF== Profiling "multicolorGSSmoothCsrKernel_n..." - 121: 0%....50%....100% - 38 passes
==PROF== Profiling "multicolorGSSmoothCsrKernel_n..." - 122: 0%....50%....100% - 38 passes
==PROF== Profiling "multicolorGSSmoothCsrKernel_n..." - 123: 0%....50%....100% - 38 passes
==PROF== Profiling "multicolorGSSmoothCsrKernel_n..." - 124: 0%....50%....100% - 38 passes
==PROF== Profiling "multicolorGSSmoothCsrKernel_n..." - 125: 0%....50%....100% - 38 passes
==PROF== Profiling "multicolorGSSmoothCsrKernel_n..." - 126: 0%....50%....100% - 38 passes
==PROF== Profiling "multicolorGSSmoothCsrKernel_n..." - 127: 0%....50%....100% - 38 passes
AMGX version 2.5.0
Built on Apr 12 2025, 09:44:58
Compiled with CUDA Runtime 12.6, using CUDA driver 12.4
Reading data...
Solution vector was not found. Setting initial solution to x=[0,…,0]^T
Finished reading
SymGS Solver status: 3
==PROF== Disconnected from process 193890
==PROF== Report: /users/dknecht/HighPerformanceHPCG_Thesis/profiling_results/AMGX/profiler_output_GH200_256x256x256.ncu-rep
Profiler output for GH200_256x256x256 generated at /users/dknecht/HighPerformanceHPCG_Thesis/profiling_results/AMGX/profiler_output_GH200_SymGS_256x256x256.ncu-rep
Execution time for GH200_256x256x256: 8 minutes and 8 seconds
Starting AMGX profiling for SymGS for size 512x512x512 on GH200
HPCG_bench main
Running profiler
Profiling symGS
Problem written to file: /iopsstor/scratch/cscs/dknecht/amgx_problems/problem_512x512x512.mtx
==PROF== Connected to process 200234 (/users/dknecht/amgx_expanded_for_HPCG/build/examples/hpcg_bench)
AMGX ERROR: file /users/dknecht/amgx_expanded_for_HPCG/src/amgx_c.cu line   4998
AMGX ERROR: I/O error.
AMGX version 2.5.0
Built on Apr 12 2025, 09:44:58
Compiled with CUDA Runtime 12.6, using CUDA driver 12.4
Reading data...
Error while reading matrix: Matrix Market mismatch in number of entries
==PROF== Disconnected from process 200234
==ERROR== The application returned an error code (1).
srun: error: nid006548: task 0: Exited with exit code 1
srun: Terminating StepId=331765.4
Error: Profiling failed for 512x512x512 on GH200
Total execution time: 76 minutes and 21 seconds
Starting profiling for SymGS with striped_box_coloring_Implementation for size 32x32x32 on GH200
Starting profiling
==PROF== Connected to process 209664 (/users/dknecht/HighPerformanceHPCG_Thesis/HPCGLib/build/benchmarking/run_profiler)
SymGS
==PROF== Profiling "striped_box_coloring_half_Sym..." - 0: 0%....50%....100% - 38 passes
==PROF== Profiling "striped_box_coloring_half_Sym..." - 1: 0%....50%....100% - 38 passes
==PROF== Profiling "striped_box_coloring_half_Sym..." - 2: 0%....50%....100% - 38 passes
==PROF== Profiling "striped_box_coloring_half_Sym..." - 3: 0%....50%....100% - 38 passes
==PROF== Profiling "striped_box_coloring_half_Sym..." - 4: 0%....50%....100% - 38 passes
==PROF== Profiling "striped_box_coloring_half_Sym..." - 5: 0%....50%....100% - 38 passes
==PROF== Profiling "striped_box_coloring_half_Sym..." - 6: 0%....50%....100% - 38 passes
==PROF== Profiling "striped_box_coloring_half_Sym..." - 7: 0%....50%....100% - 38 passes
==PROF== Profiling "striped_box_coloring_half_Sym..." - 8: 0%....50%....100% - 38 passes
==PROF== Profiling "striped_box_coloring_half_Sym..." - 9: 0%....50%....100% - 39 passes
==PROF== Profiling "striped_box_coloring_half_Sym..." - 10: 0%....50%....100% - 38 passes
==PROF== Profiling "striped_box_coloring_half_Sym..." - 11: 0%....50%....100% - 38 passes
==PROF== Profiling "striped_box_coloring_half_Sym..." - 12: 0%....50%....100% - 38 passes
==PROF== Profiling "striped_box_coloring_half_Sym..." - 13: 0%....50%....100% - 38 passes
==PROF== Profiling "striped_box_coloring_half_Sym..." - 14: 0%....50%....100% - 38 passes
==PROF== Profiling "striped_box_coloring_half_Sym..." - 15: 0%....50%....100% - 38 passes
==PROF== Disconnected from process 209664
==PROF== Report: /users/dknecht/HighPerformanceHPCG_Thesis/profiling_results/profiler_output_GH200_32x32x32.ncu-rep
Profiler output for GH200_32x32x32 generated at /users/dknecht/HighPerformanceHPCG_Thesis/profiling_results/profiler_output_GH200_SymGS_32x32x32.ncu-rep
Execution time for GH200_32x32x32: 0 minutes and 46 seconds
Starting profiling for SymGS with striped_box_coloring_Implementation for size 64x64x64 on GH200
Starting profiling
==PROF== Connected to process 210533 (/users/dknecht/HighPerformanceHPCG_Thesis/HPCGLib/build/benchmarking/run_profiler)
SymGS
==PROF== Profiling "striped_box_coloring_half_Sym..." - 0: 0%....50%....100% - 38 passes
==PROF== Profiling "striped_box_coloring_half_Sym..." - 1: 0%....50%....100% - 38 passes
==PROF== Profiling "striped_box_coloring_half_Sym..." - 2: 0%....50%....100% - 38 passes
==PROF== Profiling "striped_box_coloring_half_Sym..." - 3: 0%....50%....100% - 38 passes
==PROF== Profiling "striped_box_coloring_half_Sym..." - 4: 0%....50%....100% - 38 passes
==PROF== Profiling "striped_box_coloring_half_Sym..." - 5: 0%....50%....100% - 38 passes
==PROF== Profiling "striped_box_coloring_half_Sym..." - 6: 0%....50%....100% - 38 passes
==PROF== Profiling "striped_box_coloring_half_Sym..." - 7: 0%....50%....100% - 38 passes
==PROF== Profiling "striped_box_coloring_half_Sym..." - 8: 0%....50%....100% - 38 passes
==PROF== Profiling "striped_box_coloring_half_Sym..." - 9: 0%....50%....100% - 38 passes
==PROF== Profiling "striped_box_coloring_half_Sym..." - 10: 0%....50%....100% - 38 passes
==PROF== Profiling "striped_box_coloring_half_Sym..." - 11: 0%....50%....100% - 38 passes
==PROF== Profiling "striped_box_coloring_half_Sym..." - 12: 0%....50%....100% - 38 passes
==PROF== Profiling "striped_box_coloring_half_Sym..." - 13: 0%....50%....100% - 38 passes
==PROF== Profiling "striped_box_coloring_half_Sym..." - 14: 0%....50%....100% - 38 passes
==PROF== Profiling "striped_box_coloring_half_Sym..." - 15: 0%....50%....100% - 38 passes
==PROF== Disconnected from process 210533
==PROF== Report: /users/dknecht/HighPerformanceHPCG_Thesis/profiling_results/profiler_output_GH200_64x64x64.ncu-rep
Profiler output for GH200_64x64x64 generated at /users/dknecht/HighPerformanceHPCG_Thesis/profiling_results/profiler_output_GH200_SymGS_64x64x64.ncu-rep
Execution time for GH200_64x64x64: 0 minutes and 46 seconds
Starting profiling for SymGS with striped_box_coloring_Implementation for size 128x128x128 on GH200
Starting profiling
==PROF== Connected to process 211434 (/users/dknecht/HighPerformanceHPCG_Thesis/HPCGLib/build/benchmarking/run_profiler)
SymGS
==PROF== Profiling "striped_box_coloring_half_Sym..." - 0: 0%....50%....100% - 38 passes
==PROF== Profiling "striped_box_coloring_half_Sym..." - 1: 0%....50%....100% - 38 passes
==PROF== Profiling "striped_box_coloring_half_Sym..." - 2: 0%....50%....100% - 38 passes
==PROF== Profiling "striped_box_coloring_half_Sym..." - 3: 0%....50%....100% - 38 passes
==PROF== Profiling "striped_box_coloring_half_Sym..." - 4: 0%....50%....100% - 38 passes
==PROF== Profiling "striped_box_coloring_half_Sym..." - 5: 0%....50%....100% - 38 passes
==PROF== Profiling "striped_box_coloring_half_Sym..." - 6: 0%....50%....100% - 38 passes
==PROF== Profiling "striped_box_coloring_half_Sym..." - 7: 0%....50%....100% - 38 passes
==PROF== Profiling "striped_box_coloring_half_Sym..." - 8: 0%....50%....100% - 38 passes
==PROF== Profiling "striped_box_coloring_half_Sym..." - 9: 0%....50%....100% - 38 passes
==PROF== Profiling "striped_box_coloring_half_Sym..." - 10: 0%....50%....100% - 38 passes
==PROF== Profiling "striped_box_coloring_half_Sym..." - 11: 0%....50%....100% - 38 passes
==PROF== Profiling "striped_box_coloring_half_Sym..." - 12: 0%....50%....100% - 38 passes
==PROF== Profiling "striped_box_coloring_half_Sym..." - 13: 0%....50%....100% - 38 passes
==PROF== Profiling "striped_box_coloring_half_Sym..." - 14: 0%....50%....100% - 38 passes
==PROF== Profiling "striped_box_coloring_half_Sym..." - 15: 0%....50%....100% - 38 passes
==PROF== Disconnected from process 211434
==PROF== Report: /users/dknecht/HighPerformanceHPCG_Thesis/profiling_results/profiler_output_GH200_128x128x128.ncu-rep
Profiler output for GH200_128x128x128 generated at /users/dknecht/HighPerformanceHPCG_Thesis/profiling_results/profiler_output_GH200_SymGS_128x128x128.ncu-rep
Execution time for GH200_128x128x128: 0 minutes and 48 seconds
Starting profiling for SymGS with striped_box_coloring_Implementation for size 256x256x256 on GH200
Starting profiling
==PROF== Connected to process 212302 (/users/dknecht/HighPerformanceHPCG_Thesis/HPCGLib/build/benchmarking/run_profiler)
SymGS
==PROF== Profiling "striped_box_coloring_half_Sym..." - 0: 0%....50%....100% - 38 passes
==PROF== Profiling "striped_box_coloring_half_Sym..." - 1: 0%....50%....100% - 38 passes
==PROF== Profiling "striped_box_coloring_half_Sym..." - 2: 0%....50%....100% - 38 passes
==PROF== Profiling "striped_box_coloring_half_Sym..." - 3: 0%....50%....100% - 38 passes
==PROF== Profiling "striped_box_coloring_half_Sym..." - 4: 0%....50%....100% - 38 passes
==PROF== Profiling "striped_box_coloring_half_Sym..." - 5: 0%....50%....100% - 38 passes
==PROF== Profiling "striped_box_coloring_half_Sym..." - 6: 0%....50%....100% - 38 passes
==PROF== Profiling "striped_box_coloring_half_Sym..." - 7: 0%....50%....100% - 38 passes
==PROF== Profiling "striped_box_coloring_half_Sym..." - 8: 0%....50%....100% - 38 passes
==PROF== Profiling "striped_box_coloring_half_Sym..." - 9: 0%....50%....100% - 38 passes
==PROF== Profiling "striped_box_coloring_half_Sym..." - 10: 0%....50%....100% - 38 passes
==PROF== Profiling "striped_box_coloring_half_Sym..." - 11: 0%....50%....100% - 38 passes
==PROF== Profiling "striped_box_coloring_half_Sym..." - 12: 0%....50%....100% - 38 passes
==PROF== Profiling "striped_box_coloring_half_Sym..." - 13: 0%....50%....100% - 38 passes
==PROF== Profiling "striped_box_coloring_half_Sym..." - 14: 0%....50%....100% - 38 passes
==PROF== Profiling "striped_box_coloring_half_Sym..." - 15: 0%....50%....100% - 38 passes
==PROF== Disconnected from process 212302
==PROF== Report: /users/dknecht/HighPerformanceHPCG_Thesis/profiling_results/profiler_output_GH200_256x256x256.ncu-rep
Profiler output for GH200_256x256x256 generated at /users/dknecht/HighPerformanceHPCG_Thesis/profiling_results/profiler_output_GH200_SymGS_256x256x256.ncu-rep
Execution time for GH200_256x256x256: 0 minutes and 53 seconds
Starting profiling for SymGS with striped_box_coloring_Implementation for size 512x512x512 on GH200
Starting profiling
==PROF== Connected to process 213176 (/users/dknecht/HighPerformanceHPCG_Thesis/HPCGLib/build/benchmarking/run_profiler)
SymGS
==PROF== Profiling "striped_box_coloring_half_Sym..." - 0: 0%
==WARNING== Backing up device memory in system memory. Kernel replay might be slow. Consider using "--replay-mode application" to avoid memory save-and-restore.
....50%....100% - 38 passes
==PROF== Profiling "striped_box_coloring_half_Sym..." - 1: 0%....50%....100% - 38 passes
==PROF== Profiling "striped_box_coloring_half_Sym..." - 2: 0%....50%....100% - 38 passes
==PROF== Profiling "striped_box_coloring_half_Sym..." - 3: 0%....50%....100% - 38 passes
==PROF== Profiling "striped_box_coloring_half_Sym..." - 4: 0%....50%....100% - 38 passes
==PROF== Profiling "striped_box_coloring_half_Sym..." - 5: 0%....50%....100% - 39 passes
==PROF== Profiling "striped_box_coloring_half_Sym..." - 6: 0%....50%....100% - 39 passes
==PROF== Profiling "striped_box_coloring_half_Sym..." - 7: 0%....50%....100% - 38 passes
==PROF== Profiling "striped_box_coloring_half_Sym..." - 8: 0%....50%....100% - 38 passes
==PROF== Profiling "striped_box_coloring_half_Sym..." - 9: 0%....50%....100% - 38 passes
==PROF== Profiling "striped_box_coloring_half_Sym..." - 10: 0%....50%....100% - 38 passes
==PROF== Profiling "striped_box_coloring_half_Sym..." - 11: 0%....50%....100% - 38 passes
==PROF== Profiling "striped_box_coloring_half_Sym..." - 12: 0%....50%....100% - 38 passes
==PROF== Profiling "striped_box_coloring_half_Sym..." - 13: 0%....50%....100% - 38 passes
==PROF== Profiling "striped_box_coloring_half_Sym..." - 14: 0%....50%....100% - 38 passes
==PROF== Profiling "striped_box_coloring_half_Sym..." - 15: 0%....50%....100% - 38 passes
==PROF== Disconnected from process 213176
==PROF== Report: /users/dknecht/HighPerformanceHPCG_Thesis/profiling_results/profiler_output_GH200_512x512x512.ncu-rep
Profiler output for GH200_512x512x512 generated at /users/dknecht/HighPerformanceHPCG_Thesis/profiling_results/profiler_output_GH200_SymGS_512x512x512.ncu-rep
Execution time for GH200_512x512x512: 2 minutes and 40 seconds
Total execution time: 5 minutes and 53 seconds
Starting profiling for SymGS with striped_box_coloring_Implementation for size 32x32x32 on GH200
==ERROR== './run_profiler' does not exist or is not an executable. Please make sure to specify the absolute path to './run_profiler' if the executable is not in the local directory.
srun: error: nid006548: task 0: Exited with exit code 1
srun: Terminating StepId=331765.10
Error: Profiling failed for 32x32x32 on GH200
Starting profiling for SymGS with striped_box_coloring_Implementation for size 64x64x64 on GH200
==ERROR== './run_profiler' does not exist or is not an executable. Please make sure to specify the absolute path to './run_profiler' if the executable is not in the local directory.
srun: error: nid006548: task 0: Exited with exit code 1
srun: Terminating StepId=331765.11
Error: Profiling failed for 64x64x64 on GH200
Starting profiling for SymGS with striped_box_coloring_Implementation for size 128x128x128 on GH200
==ERROR== './run_profiler' does not exist or is not an executable. Please make sure to specify the absolute path to './run_profiler' if the executable is not in the local directory.
srun: error: nid006548: task 0: Exited with exit code 1
srun: Terminating StepId=331765.12
Error: Profiling failed for 128x128x128 on GH200
Starting profiling for SymGS with striped_box_coloring_Implementation for size 256x256x256 on GH200
==ERROR== './run_profiler' does not exist or is not an executable. Please make sure to specify the absolute path to './run_profiler' if the executable is not in the local directory.
srun: error: nid006548: task 0: Exited with exit code 1
srun: Terminating StepId=331765.13
Error: Profiling failed for 256x256x256 on GH200
Starting profiling for SymGS with striped_box_coloring_Implementation for size 512x512x512 on GH200
==ERROR== './run_profiler' does not exist or is not an executable. Please make sure to specify the absolute path to './run_profiler' if the executable is not in the local directory.
srun: error: nid006548: task 0: Exited with exit code 1
srun: Terminating StepId=331765.14
Error: Profiling failed for 512x512x512 on GH200
slurmstepd: error: execve(): /users/dknecht/HighPerformanceHPCG_Thesis/HPCGLib/build/./run_full_bench: No such file or directory
srun: error: nid006548: task 0: Exited with exit code 2
srun: Terminating StepId=331765.15
