Performing C SOURCE FILE Test CMAKE_HAVE_LIBC_PTHREAD failed with the following output:
Change Dir: /users/nrottste/HighPerformanceHPCG_Thesis/build/CMakeFiles/CMakeTmp

Run Build Command(s):/usr/bin/gmake -f Makefile cmTC_61240/fast && /usr/bin/gmake  -f CMakeFiles/cmTC_61240.dir/build.make CMakeFiles/cmTC_61240.dir/build
gmake[1]: Entering directory '/users/nrottste/HighPerformanceHPCG_Thesis/build/CMakeFiles/CMakeTmp'
Building C object CMakeFiles/cmTC_61240.dir/src.c.o
/usr/bin/cc -DCMAKE_HAVE_LIBC_PTHREAD   -o CMakeFiles/cmTC_61240.dir/src.c.o -c /users/nrottste/HighPerformanceHPCG_Thesis/build/CMakeFiles/CMakeTmp/src.c
Linking C executable cmTC_61240
/apps/ault/spack/opt/spack/linux-centos8-zen/gcc-8.4.1/cmake-3.21.3-zt24jfeuemvwweacziyho6ccdsdn2w4s/bin/cmake -E cmake_link_script CMakeFiles/cmTC_61240.dir/link.txt --verbose=1
/usr/bin/cc CMakeFiles/cmTC_61240.dir/src.c.o -o cmTC_61240 
CMakeFiles/cmTC_61240.dir/src.c.o: In function `main':
src.c:(.text+0x2d): undefined reference to `pthread_create'
src.c:(.text+0x39): undefined reference to `pthread_detach'
src.c:(.text+0x45): undefined reference to `pthread_cancel'
src.c:(.text+0x56): undefined reference to `pthread_join'
collect2: error: ld returned 1 exit status
gmake[1]: *** [CMakeFiles/cmTC_61240.dir/build.make:99: cmTC_61240] Error 1
gmake[1]: Leaving directory '/users/nrottste/HighPerformanceHPCG_Thesis/build/CMakeFiles/CMakeTmp'
gmake: *** [Makefile:127: cmTC_61240/fast] Error 2


Source file was:
#include <pthread.h>

static void* test_func(void* data)
{
  return data;
}

int main(void)
{
  pthread_t thread;
  pthread_create(&thread, NULL, test_func, NULL);
  pthread_detach(thread);
  pthread_cancel(thread);
  pthread_join(thread, NULL);
  pthread_atfork(NULL, NULL, NULL);
  pthread_exit(NULL);

  return 0;
}

Determining if the function pthread_create exists in the pthreads failed with the following output:
Change Dir: /users/nrottste/HighPerformanceHPCG_Thesis/build/CMakeFiles/CMakeTmp

Run Build Command(s):/usr/bin/gmake -f Makefile cmTC_20a99/fast && /usr/bin/gmake  -f CMakeFiles/cmTC_20a99.dir/build.make CMakeFiles/cmTC_20a99.dir/build
gmake[1]: Entering directory '/users/nrottste/HighPerformanceHPCG_Thesis/build/CMakeFiles/CMakeTmp'
Building C object CMakeFiles/cmTC_20a99.dir/CheckFunctionExists.c.o
/usr/bin/cc   -DCHECK_FUNCTION_EXISTS=pthread_create -o CMakeFiles/cmTC_20a99.dir/CheckFunctionExists.c.o -c /apps/ault/spack/opt/spack/linux-centos8-zen/gcc-8.4.1/cmake-3.21.3-zt24jfeuemvwweacziyho6ccdsdn2w4s/share/cmake-3.21/Modules/CheckFunctionExists.c
Linking C executable cmTC_20a99
/apps/ault/spack/opt/spack/linux-centos8-zen/gcc-8.4.1/cmake-3.21.3-zt24jfeuemvwweacziyho6ccdsdn2w4s/bin/cmake -E cmake_link_script CMakeFiles/cmTC_20a99.dir/link.txt --verbose=1
/usr/bin/cc  -DCHECK_FUNCTION_EXISTS=pthread_create CMakeFiles/cmTC_20a99.dir/CheckFunctionExists.c.o -o cmTC_20a99  -lpthreads 
/usr/bin/ld: cannot find -lpthreads
collect2: error: ld returned 1 exit status
gmake[1]: *** [CMakeFiles/cmTC_20a99.dir/build.make:99: cmTC_20a99] Error 1
gmake[1]: Leaving directory '/users/nrottste/HighPerformanceHPCG_Thesis/build/CMakeFiles/CMakeTmp'
gmake: *** [Makefile:127: cmTC_20a99/fast] Error 2



